<?xml version="1.0" encoding="UTF-8"?>
<testng-results skipped="0" failed="0" ignored="0" total="1" passed="1">
  <reporter-output>
  </reporter-output>
  <suite name="Surefire suite" duration-ms="8097" started-at="2017-07-18T02:32:08Z" finished-at="2017-07-18T02:32:16Z">
    <groups>
    </groups>
    <test name="Surefire test" duration-ms="8097" started-at="2017-07-18T02:32:08Z" finished-at="2017-07-18T02:32:16Z">
      <class name="com.mybatis.MybatisBuildApplicationTests">
        <test-method status="PASS" signature="contextLoads()" name="contextLoads" duration-ms="7512" started-at="2017-07-18T10:32:09Z" finished-at="2017-07-18T10:32:16Z">
          <reporter-output>
          </reporter-output>
        </test-method> <!-- contextLoads -->
      </class> <!-- com.mybatis.MybatisBuildApplicationTests -->
    </test> <!-- Surefire test -->
  </suite> <!-- Surefire suite -->
</testng-results>
